2024-06-15 19:55:09,769, INFO, База данных создана при старте, root
2024-06-15 19:55:09,821, DEBUG, Starting new HTTPS connection (1): api.telegram.org:443, urllib3.connectionpool
2024-06-15 19:55:10,162, DEBUG, https://api.telegram.org:443 "GET /bot6823805203:AAHsrZP-6-SnkCeRiTAeiinLNCUI5uaR_cw/getMe HTTP/1.1" 200 228, urllib3.connectionpool
2024-06-15 19:55:10,165, DEBUG, Starting new HTTPS connection (1): api.telegram.org:443, urllib3.connectionpool
2024-06-15 19:55:10,386, DEBUG, https://api.telegram.org:443 "GET /bot6823805203:AAHsrZP-6-SnkCeRiTAeiinLNCUI5uaR_cw/getUpdates?offset=1&timeout=20 HTTP/1.1" 200 1039, urllib3.connectionpool
2024-06-15 19:55:10,387, INFO, Обработка кнопки старт, root
2024-06-15 19:55:10,387, INFO, Обработка команды /analytics от пользователя 641371098, root
2024-06-15 19:55:10,394, DEBUG, Starting new HTTPS connection (1): api.telegram.org:443, urllib3.connectionpool
2024-06-15 19:55:10,396, DEBUG, Starting new HTTP connection (1): 127.0.0.1:8000, urllib3.connectionpool
2024-06-15 19:55:10,705, DEBUG, https://api.telegram.org:443 "POST /bot6823805203:AAHsrZP-6-SnkCeRiTAeiinLNCUI5uaR_cw/sendMessage?chat_id=641371098&text=%D0%92%D1%81%D0%B5%D0%BC+%D0%BF%D1%80%D0%B8%D0%B2%D0%B5%D1%82%2C+%D1%8D%D1%82%D0%BE+%D0%B1%D0%BE%D1%82+%D0%BF%D0%BE%D0%BC%D0%BE%D1%89%D0%BD%D0%B8%D0%BA+%D0%B4%D0%BB%D1%8F+%D1%81%D0%B0%D0%B9%D1%82%D0%B0+PIGGY+BANK.+%D0%97%D0%B4%D0%B5%D1%81%D1%8C+%D0%B2%D1%8B+%D0%BC%D0%BE%D0%B6%D0%B5%D1%82%D0%B5+%D0%BE%D1%81%D1%83%D1%89%D0%B5%D1%81%D1%82%D0%B2%D0%B8%D1%82%D1%8C+%D1%87%D0%B0%D1%81%D1%82%D1%8C+%D0%9E%D0%B3%D1%80%D0%BE%D0%BC%D0%BD%D0%BE%D0%B3%D0%BE+%D0%BF%D0%BE%D1%82%D0%B5%D0%BD%D1%86%D0%B8%D0%B0%D0%BB%D0%B0+%D0%BD%D0%B0%D1%88%D0%B5%D0%B3%D0%BE+%D0%BF%D1%80%D0%B8%D0%BB%D0%BE%D0%B6%D0%B5%D0%BD%D0%B8%D1%8F&reply_markup=%7B%22keyboard%22%3A+%5B%5B%7B%22text%22%3A+%22%5Cu041f%5Cu0440%5Cu043e%5Cu0444%5Cu0438%5Cu043b%5Cu044c+%5Cu043f%5Cu043e%5Cu043b%5Cu044c%5Cu0437%5Cu043e%5Cu0432%5Cu0430%5Cu0442%5Cu0435%5Cu043b%5Cu044f%22%7D%5D%2C+%5B%7B%22text%22%3A+%22%5Cu041f%5Cu0435%5Cu0440%5Cu0435%5Cu0445%5Cu043e%5Cu0434+%5Cu043d%5Cu0430+%5Cu0441%5Cu0430%5Cu0439%5Cu0442%22%7D%2C+%7B%22text%22%3A+%22%5Cu041d%5Cu0435%5Cu0439%5Cu0440%5Cu043e%5Cu0441%5Cu0435%5Cu0442%5Cu0438%22%7D%5D%5D%7D HTTP/1.1" 200 934, urllib3.connectionpool
2024-06-15 19:55:10,706, INFO, Конец Обработки кнопки старт, root
2024-06-15 19:55:10,712, DEBUG, http://127.0.0.1:8000 "GET /api/v1/users HTTP/1.1" 200 1828, urllib3.connectionpool
2024-06-15 19:55:10,713, INFO, Пользователь не найден в API, root
2024-06-15 19:55:10,716, DEBUG, Starting new HTTPS connection (1): api.telegram.org:443, urllib3.connectionpool
2024-06-15 19:55:10,929, DEBUG, https://api.telegram.org:443 "POST /bot6823805203:AAHsrZP-6-SnkCeRiTAeiinLNCUI5uaR_cw/sendMessage?chat_id=641371098&text=%D0%92%D1%8B+%D0%B5%D1%89%D0%B5+%D0%BD%D0%B5+%D0%B7%D0%B0%D1%80%D0%B5%D0%B3%D0%B8%D1%81%D1%82%D1%80%D0%B8%D1%80%D0%BE%D0%B2%D0%B0%D0%BD%D1%8B+%D0%BD%D0%B0+%D1%81%D0%B0%D0%B9%D1%82%D0%B5.+%0A%D0%97%D0%B0%D1%80%D0%B5%D1%83%D0%B3%D0%B8%D1%81%D1%82%D1%80%D0%B8%D1%80%D0%B9%D1%82%D0%B5%D1%81%D1%8C%3A+http%3A%2F%2Fmax1475.pythonanywhere.com%2Fjob%2Fscheme%2F+%0A%D0%98+%D1%83%D0%BA%D0%B0%D0%B6%D0%B8%D1%82%D0%B5+telegram_id+%D0%B2+%D1%82%D0%B0%D0%BA%D0%BE%D0%BC+%D1%84%D0%BE%D1%80%D0%BC%D0%B0%D1%82%D0%B5%3A+641371098 HTTP/1.1" 200 876, urllib3.connectionpool
2024-06-15 19:55:10,930, INFO, Конец обработки команды /analytics, root
2024-06-15 19:55:21,639, DEBUG, https://api.telegram.org:443 "GET /bot6823805203:AAHsrZP-6-SnkCeRiTAeiinLNCUI5uaR_cw/getUpdates?offset=230882671&timeout=20 HTTP/1.1" 200 533, urllib3.connectionpool
2024-06-15 19:55:21,640, INFO, Обработка команды /analytics от пользователя 641371098, root
2024-06-15 19:55:21,643, DEBUG, Starting new HTTP connection (1): 127.0.0.1:8000, urllib3.connectionpool
2024-06-15 19:55:21,722, DEBUG, http://127.0.0.1:8000 "GET /api/v1/users HTTP/1.1" 200 1828, urllib3.connectionpool
2024-06-15 19:55:21,752, INFO, Пользователь не найден в API, root
2024-06-15 19:55:21,875, DEBUG, https://api.telegram.org:443 "POST /bot6823805203:AAHsrZP-6-SnkCeRiTAeiinLNCUI5uaR_cw/sendMessage?chat_id=641371098&text=%D0%92%D1%8B+%D0%B5%D1%89%D0%B5+%D0%BD%D0%B5+%D0%B7%D0%B0%D1%80%D0%B5%D0%B3%D0%B8%D1%81%D1%82%D1%80%D0%B8%D1%80%D0%BE%D0%B2%D0%B0%D0%BD%D1%8B+%D0%BD%D0%B0+%D1%81%D0%B0%D0%B9%D1%82%D0%B5.+%0A%D0%97%D0%B0%D1%80%D0%B5%D1%83%D0%B3%D0%B8%D1%81%D1%82%D1%80%D0%B8%D1%80%D0%B9%D1%82%D0%B5%D1%81%D1%8C%3A+http%3A%2F%2Fmax1475.pythonanywhere.com%2Fjob%2Fscheme%2F+%0A%D0%98+%D1%83%D0%BA%D0%B0%D0%B6%D0%B8%D1%82%D0%B5+telegram_id+%D0%B2+%D1%82%D0%B0%D0%BA%D0%BE%D0%BC+%D1%84%D0%BE%D1%80%D0%BC%D0%B0%D1%82%D0%B5%3A+641371098 HTTP/1.1" 200 876, urllib3.connectionpool
2024-06-15 19:55:21,876, INFO, Конец обработки команды /analytics, root
2024-06-15 19:55:41,706, DEBUG, https://api.telegram.org:443 "GET /bot6823805203:AAHsrZP-6-SnkCeRiTAeiinLNCUI5uaR_cw/getUpdates?offset=230882672&timeout=20 HTTP/1.1" 200 23, urllib3.connectionpool
2024-06-15 19:56:01,809, DEBUG, https://api.telegram.org:443 "GET /bot6823805203:AAHsrZP-6-SnkCeRiTAeiinLNCUI5uaR_cw/getUpdates?offset=230882672&timeout=20 HTTP/1.1" 200 23, urllib3.connectionpool
2024-06-15 19:56:22,053, DEBUG, https://api.telegram.org:443 "GET /bot6823805203:AAHsrZP-6-SnkCeRiTAeiinLNCUI5uaR_cw/getUpdates?offset=230882672&timeout=20 HTTP/1.1" 200 23, urllib3.connectionpool
2024-06-15 19:56:42,124, DEBUG, https://api.telegram.org:443 "GET /bot6823805203:AAHsrZP-6-SnkCeRiTAeiinLNCUI5uaR_cw/getUpdates?offset=230882672&timeout=20 HTTP/1.1" 200 23, urllib3.connectionpool
2024-06-15 19:57:02,192, DEBUG, https://api.telegram.org:443 "GET /bot6823805203:AAHsrZP-6-SnkCeRiTAeiinLNCUI5uaR_cw/getUpdates?offset=230882672&timeout=20 HTTP/1.1" 200 23, urllib3.connectionpool
2024-06-15 19:57:22,317, DEBUG, https://api.telegram.org:443 "GET /bot6823805203:AAHsrZP-6-SnkCeRiTAeiinLNCUI5uaR_cw/getUpdates?offset=230882672&timeout=20 HTTP/1.1" 200 23, urllib3.connectionpool
2024-06-15 19:57:42,446, DEBUG, https://api.telegram.org:443 "GET /bot6823805203:AAHsrZP-6-SnkCeRiTAeiinLNCUI5uaR_cw/getUpdates?offset=230882672&timeout=20 HTTP/1.1" 200 23, urllib3.connectionpool
2024-06-15 19:58:02,610, DEBUG, https://api.telegram.org:443 "GET /bot6823805203:AAHsrZP-6-SnkCeRiTAeiinLNCUI5uaR_cw/getUpdates?offset=230882672&timeout=20 HTTP/1.1" 200 23, urllib3.connectionpool
2024-06-15 19:58:22,782, DEBUG, https://api.telegram.org:443 "GET /bot6823805203:AAHsrZP-6-SnkCeRiTAeiinLNCUI5uaR_cw/getUpdates?offset=230882672&timeout=20 HTTP/1.1" 200 23, urllib3.connectionpool
2024-06-15 19:58:42,956, DEBUG, https://api.telegram.org:443 "GET /bot6823805203:AAHsrZP-6-SnkCeRiTAeiinLNCUI5uaR_cw/getUpdates?offset=230882672&timeout=20 HTTP/1.1" 200 23, urllib3.connectionpool
2024-06-15 19:59:03,127, DEBUG, https://api.telegram.org:443 "GET /bot6823805203:AAHsrZP-6-SnkCeRiTAeiinLNCUI5uaR_cw/getUpdates?offset=230882672&timeout=20 HTTP/1.1" 200 23, urllib3.connectionpool
2024-06-15 19:59:23,194, DEBUG, https://api.telegram.org:443 "GET /bot6823805203:AAHsrZP-6-SnkCeRiTAeiinLNCUI5uaR_cw/getUpdates?offset=230882672&timeout=20 HTTP/1.1" 200 23, urllib3.connectionpool
2024-06-15 19:59:43,371, DEBUG, https://api.telegram.org:443 "GET /bot6823805203:AAHsrZP-6-SnkCeRiTAeiinLNCUI5uaR_cw/getUpdates?offset=230882672&timeout=20 HTTP/1.1" 200 23, urllib3.connectionpool
2024-06-15 20:00:03,433, DEBUG, https://api.telegram.org:443 "GET /bot6823805203:AAHsrZP-6-SnkCeRiTAeiinLNCUI5uaR_cw/getUpdates?offset=230882672&timeout=20 HTTP/1.1" 200 23, urllib3.connectionpool
2024-06-15 20:00:23,717, DEBUG, https://api.telegram.org:443 "GET /bot6823805203:AAHsrZP-6-SnkCeRiTAeiinLNCUI5uaR_cw/getUpdates?offset=230882672&timeout=20 HTTP/1.1" 200 23, urllib3.connectionpool
2024-06-15 20:00:43,889, DEBUG, https://api.telegram.org:443 "GET /bot6823805203:AAHsrZP-6-SnkCeRiTAeiinLNCUI5uaR_cw/getUpdates?offset=230882672&timeout=20 HTTP/1.1" 200 23, urllib3.connectionpool
2024-06-15 20:01:04,061, DEBUG, https://api.telegram.org:443 "GET /bot6823805203:AAHsrZP-6-SnkCeRiTAeiinLNCUI5uaR_cw/getUpdates?offset=230882672&timeout=20 HTTP/1.1" 200 23, urllib3.connectionpool
2024-06-15 20:01:24,235, DEBUG, https://api.telegram.org:443 "GET /bot6823805203:AAHsrZP-6-SnkCeRiTAeiinLNCUI5uaR_cw/getUpdates?offset=230882672&timeout=20 HTTP/1.1" 200 23, urllib3.connectionpool
2024-06-15 20:01:44,300, DEBUG, https://api.telegram.org:443 "GET /bot6823805203:AAHsrZP-6-SnkCeRiTAeiinLNCUI5uaR_cw/getUpdates?offset=230882672&timeout=20 HTTP/1.1" 200 23, urllib3.connectionpool
2024-06-15 20:02:04,366, DEBUG, https://api.telegram.org:443 "GET /bot6823805203:AAHsrZP-6-SnkCeRiTAeiinLNCUI5uaR_cw/getUpdates?offset=230882672&timeout=20 HTTP/1.1" 200 23, urllib3.connectionpool
2024-06-15 20:02:24,442, DEBUG, https://api.telegram.org:443 "GET /bot6823805203:AAHsrZP-6-SnkCeRiTAeiinLNCUI5uaR_cw/getUpdates?offset=230882672&timeout=20 HTTP/1.1" 200 23, urllib3.connectionpool
2024-06-15 20:02:44,618, DEBUG, https://api.telegram.org:443 "GET /bot6823805203:AAHsrZP-6-SnkCeRiTAeiinLNCUI5uaR_cw/getUpdates?offset=230882672&timeout=20 HTTP/1.1" 200 23, urllib3.connectionpool
2024-06-15 20:03:04,681, DEBUG, https://api.telegram.org:443 "GET /bot6823805203:AAHsrZP-6-SnkCeRiTAeiinLNCUI5uaR_cw/getUpdates?offset=230882672&timeout=20 HTTP/1.1" 200 23, urllib3.connectionpool
2024-06-15 20:03:24,862, DEBUG, https://api.telegram.org:443 "GET /bot6823805203:AAHsrZP-6-SnkCeRiTAeiinLNCUI5uaR_cw/getUpdates?offset=230882672&timeout=20 HTTP/1.1" 200 23, urllib3.connectionpool
2024-06-15 20:03:45,034, DEBUG, https://api.telegram.org:443 "GET /bot6823805203:AAHsrZP-6-SnkCeRiTAeiinLNCUI5uaR_cw/getUpdates?offset=230882672&timeout=20 HTTP/1.1" 200 23, urllib3.connectionpool
2024-06-15 20:04:05,113, DEBUG, https://api.telegram.org:443 "GET /bot6823805203:AAHsrZP-6-SnkCeRiTAeiinLNCUI5uaR_cw/getUpdates?offset=230882672&timeout=20 HTTP/1.1" 200 23, urllib3.connectionpool
2024-06-15 20:04:25,185, DEBUG, https://api.telegram.org:443 "GET /bot6823805203:AAHsrZP-6-SnkCeRiTAeiinLNCUI5uaR_cw/getUpdates?offset=230882672&timeout=20 HTTP/1.1" 200 23, urllib3.connectionpool
2024-06-15 20:04:45,252, DEBUG, https://api.telegram.org:443 "GET /bot6823805203:AAHsrZP-6-SnkCeRiTAeiinLNCUI5uaR_cw/getUpdates?offset=230882672&timeout=20 HTTP/1.1" 200 23, urllib3.connectionpool
2024-06-15 20:05:05,418, DEBUG, https://api.telegram.org:443 "GET /bot6823805203:AAHsrZP-6-SnkCeRiTAeiinLNCUI5uaR_cw/getUpdates?offset=230882672&timeout=20 HTTP/1.1" 200 23, urllib3.connectionpool
2024-06-15 20:05:25,590, DEBUG, https://api.telegram.org:443 "GET /bot6823805203:AAHsrZP-6-SnkCeRiTAeiinLNCUI5uaR_cw/getUpdates?offset=230882672&timeout=20 HTTP/1.1" 200 23, urllib3.connectionpool
2024-06-15 20:05:25,603, DEBUG, Starting new HTTPS connection (1): api.telegram.org:443, urllib3.connectionpool
2024-06-15 20:05:45,969, DEBUG, https://api.telegram.org:443 "GET /bot6823805203:AAHsrZP-6-SnkCeRiTAeiinLNCUI5uaR_cw/getUpdates?offset=230882672&timeout=20 HTTP/1.1" 200 23, urllib3.connectionpool
2024-06-15 20:06:06,037, DEBUG, https://api.telegram.org:443 "GET /bot6823805203:AAHsrZP-6-SnkCeRiTAeiinLNCUI5uaR_cw/getUpdates?offset=230882672&timeout=20 HTTP/1.1" 200 23, urllib3.connectionpool
2024-06-15 20:06:26,211, DEBUG, https://api.telegram.org:443 "GET /bot6823805203:AAHsrZP-6-SnkCeRiTAeiinLNCUI5uaR_cw/getUpdates?offset=230882672&timeout=20 HTTP/1.1" 200 23, urllib3.connectionpool
2024-06-15 20:06:46,281, DEBUG, https://api.telegram.org:443 "GET /bot6823805203:AAHsrZP-6-SnkCeRiTAeiinLNCUI5uaR_cw/getUpdates?offset=230882672&timeout=20 HTTP/1.1" 200 23, urllib3.connectionpool
2024-06-15 20:07:06,371, DEBUG, https://api.telegram.org:443 "GET /bot6823805203:AAHsrZP-6-SnkCeRiTAeiinLNCUI5uaR_cw/getUpdates?offset=230882672&timeout=20 HTTP/1.1" 200 23, urllib3.connectionpool
2024-06-15 20:07:26,524, DEBUG, https://api.telegram.org:443 "GET /bot6823805203:AAHsrZP-6-SnkCeRiTAeiinLNCUI5uaR_cw/getUpdates?offset=230882672&timeout=20 HTTP/1.1" 200 23, urllib3.connectionpool
2024-06-15 20:07:46,641, DEBUG, https://api.telegram.org:443 "GET /bot6823805203:AAHsrZP-6-SnkCeRiTAeiinLNCUI5uaR_cw/getUpdates?offset=230882672&timeout=20 HTTP/1.1" 200 23, urllib3.connectionpool
2024-06-15 20:08:06,767, DEBUG, https://api.telegram.org:443 "GET /bot6823805203:AAHsrZP-6-SnkCeRiTAeiinLNCUI5uaR_cw/getUpdates?offset=230882672&timeout=20 HTTP/1.1" 200 23, urllib3.connectionpool
2024-06-15 20:08:26,947, DEBUG, https://api.telegram.org:443 "GET /bot6823805203:AAHsrZP-6-SnkCeRiTAeiinLNCUI5uaR_cw/getUpdates?offset=230882672&timeout=20 HTTP/1.1" 200 23, urllib3.connectionpool
2024-06-15 20:08:47,113, DEBUG, https://api.telegram.org:443 "GET /bot6823805203:AAHsrZP-6-SnkCeRiTAeiinLNCUI5uaR_cw/getUpdates?offset=230882672&timeout=20 HTTP/1.1" 200 23, urllib3.connectionpool
2024-06-15 20:09:07,216, DEBUG, https://api.telegram.org:443 "GET /bot6823805203:AAHsrZP-6-SnkCeRiTAeiinLNCUI5uaR_cw/getUpdates?offset=230882672&timeout=20 HTTP/1.1" 200 23, urllib3.connectionpool
2024-06-15 20:09:27,278, DEBUG, https://api.telegram.org:443 "GET /bot6823805203:AAHsrZP-6-SnkCeRiTAeiinLNCUI5uaR_cw/getUpdates?offset=230882672&timeout=20 HTTP/1.1" 200 23, urllib3.connectionpool
2024-06-15 20:09:47,427, DEBUG, https://api.telegram.org:443 "GET /bot6823805203:AAHsrZP-6-SnkCeRiTAeiinLNCUI5uaR_cw/getUpdates?offset=230882672&timeout=20 HTTP/1.1" 200 23, urllib3.connectionpool
2024-06-15 20:10:07,496, DEBUG, https://api.telegram.org:443 "GET /bot6823805203:AAHsrZP-6-SnkCeRiTAeiinLNCUI5uaR_cw/getUpdates?offset=230882672&timeout=20 HTTP/1.1" 200 23, urllib3.connectionpool
2024-06-15 20:10:27,639, DEBUG, https://api.telegram.org:443 "GET /bot6823805203:AAHsrZP-6-SnkCeRiTAeiinLNCUI5uaR_cw/getUpdates?offset=230882672&timeout=20 HTTP/1.1" 200 23, urllib3.connectionpool
2024-06-15 20:10:47,739, DEBUG, https://api.telegram.org:443 "GET /bot6823805203:AAHsrZP-6-SnkCeRiTAeiinLNCUI5uaR_cw/getUpdates?offset=230882672&timeout=20 HTTP/1.1" 200 23, urllib3.connectionpool
2024-06-15 20:11:07,915, DEBUG, https://api.telegram.org:443 "GET /bot6823805203:AAHsrZP-6-SnkCeRiTAeiinLNCUI5uaR_cw/getUpdates?offset=230882672&timeout=20 HTTP/1.1" 200 23, urllib3.connectionpool
2024-06-15 20:11:28,085, DEBUG, https://api.telegram.org:443 "GET /bot6823805203:AAHsrZP-6-SnkCeRiTAeiinLNCUI5uaR_cw/getUpdates?offset=230882672&timeout=20 HTTP/1.1" 200 23, urllib3.connectionpool
2024-06-15 20:11:48,257, DEBUG, https://api.telegram.org:443 "GET /bot6823805203:AAHsrZP-6-SnkCeRiTAeiinLNCUI5uaR_cw/getUpdates?offset=230882672&timeout=20 HTTP/1.1" 200 23, urllib3.connectionpool
2024-06-15 20:12:08,430, DEBUG, https://api.telegram.org:443 "GET /bot6823805203:AAHsrZP-6-SnkCeRiTAeiinLNCUI5uaR_cw/getUpdates?offset=230882672&timeout=20 HTTP/1.1" 200 23, urllib3.connectionpool
2024-06-15 20:12:28,603, DEBUG, https://api.telegram.org:443 "GET /bot6823805203:AAHsrZP-6-SnkCeRiTAeiinLNCUI5uaR_cw/getUpdates?offset=230882672&timeout=20 HTTP/1.1" 200 23, urllib3.connectionpool
2024-06-15 20:12:48,673, DEBUG, https://api.telegram.org:443 "GET /bot6823805203:AAHsrZP-6-SnkCeRiTAeiinLNCUI5uaR_cw/getUpdates?offset=230882672&timeout=20 HTTP/1.1" 200 23, urllib3.connectionpool
2024-06-15 20:13:08,850, DEBUG, https://api.telegram.org:443 "GET /bot6823805203:AAHsrZP-6-SnkCeRiTAeiinLNCUI5uaR_cw/getUpdates?offset=230882672&timeout=20 HTTP/1.1" 200 23, urllib3.connectionpool
2024-06-15 20:13:29,018, DEBUG, https://api.telegram.org:443 "GET /bot6823805203:AAHsrZP-6-SnkCeRiTAeiinLNCUI5uaR_cw/getUpdates?offset=230882672&timeout=20 HTTP/1.1" 200 23, urllib3.connectionpool
2024-06-15 20:13:49,192, DEBUG, https://api.telegram.org:443 "GET /bot6823805203:AAHsrZP-6-SnkCeRiTAeiinLNCUI5uaR_cw/getUpdates?offset=230882672&timeout=20 HTTP/1.1" 200 23, urllib3.connectionpool
2024-06-15 20:14:09,264, DEBUG, https://api.telegram.org:443 "GET /bot6823805203:AAHsrZP-6-SnkCeRiTAeiinLNCUI5uaR_cw/getUpdates?offset=230882672&timeout=20 HTTP/1.1" 200 23, urllib3.connectionpool
2024-06-15 20:14:29,435, DEBUG, https://api.telegram.org:443 "GET /bot6823805203:AAHsrZP-6-SnkCeRiTAeiinLNCUI5uaR_cw/getUpdates?offset=230882672&timeout=20 HTTP/1.1" 200 23, urllib3.connectionpool
2024-06-15 20:14:49,607, DEBUG, https://api.telegram.org:443 "GET /bot6823805203:AAHsrZP-6-SnkCeRiTAeiinLNCUI5uaR_cw/getUpdates?offset=230882672&timeout=20 HTTP/1.1" 200 23, urllib3.connectionpool
2024-06-15 20:15:09,780, DEBUG, https://api.telegram.org:443 "GET /bot6823805203:AAHsrZP-6-SnkCeRiTAeiinLNCUI5uaR_cw/getUpdates?offset=230882672&timeout=20 HTTP/1.1" 200 23, urllib3.connectionpool
2024-06-15 20:15:29,956, DEBUG, https://api.telegram.org:443 "GET /bot6823805203:AAHsrZP-6-SnkCeRiTAeiinLNCUI5uaR_cw/getUpdates?offset=230882672&timeout=20 HTTP/1.1" 200 23, urllib3.connectionpool
2024-06-15 20:15:29,965, DEBUG, Starting new HTTPS connection (1): api.telegram.org:443, urllib3.connectionpool
2024-06-15 20:15:50,265, DEBUG, https://api.telegram.org:443 "GET /bot6823805203:AAHsrZP-6-SnkCeRiTAeiinLNCUI5uaR_cw/getUpdates?offset=230882672&timeout=20 HTTP/1.1" 200 23, urllib3.connectionpool
2024-06-15 20:16:10,401, DEBUG, https://api.telegram.org:443 "GET /bot6823805203:AAHsrZP-6-SnkCeRiTAeiinLNCUI5uaR_cw/getUpdates?offset=230882672&timeout=20 HTTP/1.1" 200 23, urllib3.connectionpool
2024-06-15 20:16:30,496, DEBUG, https://api.telegram.org:443 "GET /bot6823805203:AAHsrZP-6-SnkCeRiTAeiinLNCUI5uaR_cw/getUpdates?offset=230882672&timeout=20 HTTP/1.1" 200 23, urllib3.connectionpool
2024-06-15 20:16:50,644, DEBUG, https://api.telegram.org:443 "GET /bot6823805203:AAHsrZP-6-SnkCeRiTAeiinLNCUI5uaR_cw/getUpdates?offset=230882672&timeout=20 HTTP/1.1" 200 23, urllib3.connectionpool
2024-06-15 20:17:10,713, DEBUG, https://api.telegram.org:443 "GET /bot6823805203:AAHsrZP-6-SnkCeRiTAeiinLNCUI5uaR_cw/getUpdates?offset=230882672&timeout=20 HTTP/1.1" 200 23, urllib3.connectionpool
2024-06-15 20:17:30,781, DEBUG, https://api.telegram.org:443 "GET /bot6823805203:AAHsrZP-6-SnkCeRiTAeiinLNCUI5uaR_cw/getUpdates?offset=230882672&timeout=20 HTTP/1.1" 200 23, urllib3.connectionpool
2024-06-15 20:17:50,957, DEBUG, https://api.telegram.org:443 "GET /bot6823805203:AAHsrZP-6-SnkCeRiTAeiinLNCUI5uaR_cw/getUpdates?offset=230882672&timeout=20 HTTP/1.1" 200 23, urllib3.connectionpool
2024-06-15 20:18:11,233, DEBUG, https://api.telegram.org:443 "GET /bot6823805203:AAHsrZP-6-SnkCeRiTAeiinLNCUI5uaR_cw/getUpdates?offset=230882672&timeout=20 HTTP/1.1" 200 23, urllib3.connectionpool
2024-06-15 20:18:31,304, DEBUG, https://api.telegram.org:443 "GET /bot6823805203:AAHsrZP-6-SnkCeRiTAeiinLNCUI5uaR_cw/getUpdates?offset=230882672&timeout=20 HTTP/1.1" 200 23, urllib3.connectionpool
2024-06-15 20:18:51,476, DEBUG, https://api.telegram.org:443 "GET /bot6823805203:AAHsrZP-6-SnkCeRiTAeiinLNCUI5uaR_cw/getUpdates?offset=230882672&timeout=20 HTTP/1.1" 200 23, urllib3.connectionpool
2024-06-15 20:19:11,648, DEBUG, https://api.telegram.org:443 "GET /bot6823805203:AAHsrZP-6-SnkCeRiTAeiinLNCUI5uaR_cw/getUpdates?offset=230882672&timeout=20 HTTP/1.1" 200 23, urllib3.connectionpool
2024-06-15 20:19:31,819, DEBUG, https://api.telegram.org:443 "GET /bot6823805203:AAHsrZP-6-SnkCeRiTAeiinLNCUI5uaR_cw/getUpdates?offset=230882672&timeout=20 HTTP/1.1" 200 23, urllib3.connectionpool
2024-06-15 20:19:51,994, DEBUG, https://api.telegram.org:443 "GET /bot6823805203:AAHsrZP-6-SnkCeRiTAeiinLNCUI5uaR_cw/getUpdates?offset=230882672&timeout=20 HTTP/1.1" 200 23, urllib3.connectionpool
2024-06-15 20:20:12,133, DEBUG, https://api.telegram.org:443 "GET /bot6823805203:AAHsrZP-6-SnkCeRiTAeiinLNCUI5uaR_cw/getUpdates?offset=230882672&timeout=20 HTTP/1.1" 200 23, urllib3.connectionpool
2024-06-15 20:20:32,202, DEBUG, https://api.telegram.org:443 "GET /bot6823805203:AAHsrZP-6-SnkCeRiTAeiinLNCUI5uaR_cw/getUpdates?offset=230882672&timeout=20 HTTP/1.1" 200 23, urllib3.connectionpool
2024-06-15 20:20:52,277, DEBUG, https://api.telegram.org:443 "GET /bot6823805203:AAHsrZP-6-SnkCeRiTAeiinLNCUI5uaR_cw/getUpdates?offset=230882672&timeout=20 HTTP/1.1" 200 23, urllib3.connectionpool
2024-06-15 20:21:12,376, DEBUG, https://api.telegram.org:443 "GET /bot6823805203:AAHsrZP-6-SnkCeRiTAeiinLNCUI5uaR_cw/getUpdates?offset=230882672&timeout=20 HTTP/1.1" 200 23, urllib3.connectionpool
2024-06-15 20:21:32,562, DEBUG, https://api.telegram.org:443 "GET /bot6823805203:AAHsrZP-6-SnkCeRiTAeiinLNCUI5uaR_cw/getUpdates?offset=230882672&timeout=20 HTTP/1.1" 200 23, urllib3.connectionpool
2024-06-15 20:21:52,722, DEBUG, https://api.telegram.org:443 "GET /bot6823805203:AAHsrZP-6-SnkCeRiTAeiinLNCUI5uaR_cw/getUpdates?offset=230882672&timeout=20 HTTP/1.1" 200 23, urllib3.connectionpool
2024-06-15 20:22:12,896, DEBUG, https://api.telegram.org:443 "GET /bot6823805203:AAHsrZP-6-SnkCeRiTAeiinLNCUI5uaR_cw/getUpdates?offset=230882672&timeout=20 HTTP/1.1" 200 23, urllib3.connectionpool
2024-06-15 20:22:33,068, DEBUG, https://api.telegram.org:443 "GET /bot6823805203:AAHsrZP-6-SnkCeRiTAeiinLNCUI5uaR_cw/getUpdates?offset=230882672&timeout=20 HTTP/1.1" 200 23, urllib3.connectionpool
2024-06-15 20:22:53,240, DEBUG, https://api.telegram.org:443 "GET /bot6823805203:AAHsrZP-6-SnkCeRiTAeiinLNCUI5uaR_cw/getUpdates?offset=230882672&timeout=20 HTTP/1.1" 200 23, urllib3.connectionpool
2024-06-15 20:23:13,310, DEBUG, https://api.telegram.org:443 "GET /bot6823805203:AAHsrZP-6-SnkCeRiTAeiinLNCUI5uaR_cw/getUpdates?offset=230882672&timeout=20 HTTP/1.1" 200 23, urllib3.connectionpool
2024-06-15 20:23:33,484, DEBUG, https://api.telegram.org:443 "GET /bot6823805203:AAHsrZP-6-SnkCeRiTAeiinLNCUI5uaR_cw/getUpdates?offset=230882672&timeout=20 HTTP/1.1" 200 23, urllib3.connectionpool
2024-06-15 20:23:53,555, DEBUG, https://api.telegram.org:443 "GET /bot6823805203:AAHsrZP-6-SnkCeRiTAeiinLNCUI5uaR_cw/getUpdates?offset=230882672&timeout=20 HTTP/1.1" 200 23, urllib3.connectionpool
2024-06-15 20:24:13,726, DEBUG, https://api.telegram.org:443 "GET /bot6823805203:AAHsrZP-6-SnkCeRiTAeiinLNCUI5uaR_cw/getUpdates?offset=230882672&timeout=20 HTTP/1.1" 200 23, urllib3.connectionpool
2024-06-15 20:24:33,796, DEBUG, https://api.telegram.org:443 "GET /bot6823805203:AAHsrZP-6-SnkCeRiTAeiinLNCUI5uaR_cw/getUpdates?offset=230882672&timeout=20 HTTP/1.1" 200 23, urllib3.connectionpool
2024-06-15 20:24:53,970, DEBUG, https://api.telegram.org:443 "GET /bot6823805203:AAHsrZP-6-SnkCeRiTAeiinLNCUI5uaR_cw/getUpdates?offset=230882672&timeout=20 HTTP/1.1" 200 23, urllib3.connectionpool
2024-06-15 20:25:14,142, DEBUG, https://api.telegram.org:443 "GET /bot6823805203:AAHsrZP-6-SnkCeRiTAeiinLNCUI5uaR_cw/getUpdates?offset=230882672&timeout=20 HTTP/1.1" 200 23, urllib3.connectionpool
2024-06-15 20:25:34,315, DEBUG, https://api.telegram.org:443 "GET /bot6823805203:AAHsrZP-6-SnkCeRiTAeiinLNCUI5uaR_cw/getUpdates?offset=230882672&timeout=20 HTTP/1.1" 200 23, urllib3.connectionpool
2024-06-15 20:25:34,321, DEBUG, Starting new HTTPS connection (1): api.telegram.org:443, urllib3.connectionpool
2024-06-15 20:25:54,604, DEBUG, https://api.telegram.org:443 "GET /bot6823805203:AAHsrZP-6-SnkCeRiTAeiinLNCUI5uaR_cw/getUpdates?offset=230882672&timeout=20 HTTP/1.1" 200 23, urllib3.connectionpool
2024-06-15 20:26:14,762, DEBUG, https://api.telegram.org:443 "GET /bot6823805203:AAHsrZP-6-SnkCeRiTAeiinLNCUI5uaR_cw/getUpdates?offset=230882672&timeout=20 HTTP/1.1" 200 23, urllib3.connectionpool
2024-06-15 20:26:34,936, DEBUG, https://api.telegram.org:443 "GET /bot6823805203:AAHsrZP-6-SnkCeRiTAeiinLNCUI5uaR_cw/getUpdates?offset=230882672&timeout=20 HTTP/1.1" 200 23, urllib3.connectionpool
2024-06-15 20:26:55,108, DEBUG, https://api.telegram.org:443 "GET /bot6823805203:AAHsrZP-6-SnkCeRiTAeiinLNCUI5uaR_cw/getUpdates?offset=230882672&timeout=20 HTTP/1.1" 200 23, urllib3.connectionpool
2024-06-15 20:27:15,281, DEBUG, https://api.telegram.org:443 "GET /bot6823805203:AAHsrZP-6-SnkCeRiTAeiinLNCUI5uaR_cw/getUpdates?offset=230882672&timeout=20 HTTP/1.1" 200 23, urllib3.connectionpool
2024-06-15 20:27:35,454, DEBUG, https://api.telegram.org:443 "GET /bot6823805203:AAHsrZP-6-SnkCeRiTAeiinLNCUI5uaR_cw/getUpdates?offset=230882672&timeout=20 HTTP/1.1" 200 23, urllib3.connectionpool
2024-06-15 20:27:55,626, DEBUG, https://api.telegram.org:443 "GET /bot6823805203:AAHsrZP-6-SnkCeRiTAeiinLNCUI5uaR_cw/getUpdates?offset=230882672&timeout=20 HTTP/1.1" 200 23, urllib3.connectionpool
2024-06-15 20:28:15,697, DEBUG, https://api.telegram.org:443 "GET /bot6823805203:AAHsrZP-6-SnkCeRiTAeiinLNCUI5uaR_cw/getUpdates?offset=230882672&timeout=20 HTTP/1.1" 200 23, urllib3.connectionpool
2024-06-15 20:28:35,768, DEBUG, https://api.telegram.org:443 "GET /bot6823805203:AAHsrZP-6-SnkCeRiTAeiinLNCUI5uaR_cw/getUpdates?offset=230882672&timeout=20 HTTP/1.1" 200 23, urllib3.connectionpool
2024-06-15 20:28:55,940, DEBUG, https://api.telegram.org:443 "GET /bot6823805203:AAHsrZP-6-SnkCeRiTAeiinLNCUI5uaR_cw/getUpdates?offset=230882672&timeout=20 HTTP/1.1" 200 23, urllib3.connectionpool
2024-06-15 20:29:15,998, DEBUG, https://api.telegram.org:443 "GET /bot6823805203:AAHsrZP-6-SnkCeRiTAeiinLNCUI5uaR_cw/getUpdates?offset=230882672&timeout=20 HTTP/1.1" 200 23, urllib3.connectionpool
2024-06-15 20:29:36,083, DEBUG, https://api.telegram.org:443 "GET /bot6823805203:AAHsrZP-6-SnkCeRiTAeiinLNCUI5uaR_cw/getUpdates?offset=230882672&timeout=20 HTTP/1.1" 200 23, urllib3.connectionpool
2024-06-15 20:29:56,159, DEBUG, https://api.telegram.org:443 "GET /bot6823805203:AAHsrZP-6-SnkCeRiTAeiinLNCUI5uaR_cw/getUpdates?offset=230882672&timeout=20 HTTP/1.1" 200 23, urllib3.connectionpool
2024-06-15 20:30:16,323, DEBUG, https://api.telegram.org:443 "GET /bot6823805203:AAHsrZP-6-SnkCeRiTAeiinLNCUI5uaR_cw/getUpdates?offset=230882672&timeout=20 HTTP/1.1" 200 23, urllib3.connectionpool
2024-06-15 20:30:36,401, DEBUG, https://api.telegram.org:443 "GET /bot6823805203:AAHsrZP-6-SnkCeRiTAeiinLNCUI5uaR_cw/getUpdates?offset=230882672&timeout=20 HTTP/1.1" 200 23, urllib3.connectionpool
2024-06-15 20:30:56,577, DEBUG, https://api.telegram.org:443 "GET /bot6823805203:AAHsrZP-6-SnkCeRiTAeiinLNCUI5uaR_cw/getUpdates?offset=230882672&timeout=20 HTTP/1.1" 200 23, urllib3.connectionpool
2024-06-15 20:31:16,739, DEBUG, https://api.telegram.org:443 "GET /bot6823805203:AAHsrZP-6-SnkCeRiTAeiinLNCUI5uaR_cw/getUpdates?offset=230882672&timeout=20 HTTP/1.1" 200 23, urllib3.connectionpool
2024-06-15 20:31:36,912, DEBUG, https://api.telegram.org:443 "GET /bot6823805203:AAHsrZP-6-SnkCeRiTAeiinLNCUI5uaR_cw/getUpdates?offset=230882672&timeout=20 HTTP/1.1" 200 23, urllib3.connectionpool
2024-06-15 20:31:57,163, DEBUG, https://api.telegram.org:443 "GET /bot6823805203:AAHsrZP-6-SnkCeRiTAeiinLNCUI5uaR_cw/getUpdates?offset=230882672&timeout=20 HTTP/1.1" 200 23, urllib3.connectionpool
2024-06-15 20:32:17,228, DEBUG, https://api.telegram.org:443 "GET /bot6823805203:AAHsrZP-6-SnkCeRiTAeiinLNCUI5uaR_cw/getUpdates?offset=230882672&timeout=20 HTTP/1.1" 200 23, urllib3.connectionpool
2024-06-15 20:32:37,331, DEBUG, https://api.telegram.org:443 "GET /bot6823805203:AAHsrZP-6-SnkCeRiTAeiinLNCUI5uaR_cw/getUpdates?offset=230882672&timeout=20 HTTP/1.1" 200 23, urllib3.connectionpool
2024-06-15 20:32:57,501, DEBUG, https://api.telegram.org:443 "GET /bot6823805203:AAHsrZP-6-SnkCeRiTAeiinLNCUI5uaR_cw/getUpdates?offset=230882672&timeout=20 HTTP/1.1" 200 23, urllib3.connectionpool
2024-06-15 20:33:17,561, DEBUG, https://api.telegram.org:443 "GET /bot6823805203:AAHsrZP-6-SnkCeRiTAeiinLNCUI5uaR_cw/getUpdates?offset=230882672&timeout=20 HTTP/1.1" 200 23, urllib3.connectionpool
2024-06-15 20:33:37,623, DEBUG, https://api.telegram.org:443 "GET /bot6823805203:AAHsrZP-6-SnkCeRiTAeiinLNCUI5uaR_cw/getUpdates?offset=230882672&timeout=20 HTTP/1.1" 200 23, urllib3.connectionpool
2024-06-15 20:33:57,684, DEBUG, https://api.telegram.org:443 "GET /bot6823805203:AAHsrZP-6-SnkCeRiTAeiinLNCUI5uaR_cw/getUpdates?offset=230882672&timeout=20 HTTP/1.1" 200 23, urllib3.connectionpool
2024-06-15 20:34:17,791, DEBUG, https://api.telegram.org:443 "GET /bot6823805203:AAHsrZP-6-SnkCeRiTAeiinLNCUI5uaR_cw/getUpdates?offset=230882672&timeout=20 HTTP/1.1" 200 23, urllib3.connectionpool
2024-06-15 20:34:37,953, DEBUG, https://api.telegram.org:443 "GET /bot6823805203:AAHsrZP-6-SnkCeRiTAeiinLNCUI5uaR_cw/getUpdates?offset=230882672&timeout=20 HTTP/1.1" 200 23, urllib3.connectionpool
2024-06-15 20:34:58,127, DEBUG, https://api.telegram.org:443 "GET /bot6823805203:AAHsrZP-6-SnkCeRiTAeiinLNCUI5uaR_cw/getUpdates?offset=230882672&timeout=20 HTTP/1.1" 200 23, urllib3.connectionpool
2024-06-15 20:35:18,186, DEBUG, https://api.telegram.org:443 "GET /bot6823805203:AAHsrZP-6-SnkCeRiTAeiinLNCUI5uaR_cw/getUpdates?offset=230882672&timeout=20 HTTP/1.1" 200 23, urllib3.connectionpool
2024-06-15 20:35:38,270, DEBUG, https://api.telegram.org:443 "GET /bot6823805203:AAHsrZP-6-SnkCeRiTAeiinLNCUI5uaR_cw/getUpdates?offset=230882672&timeout=20 HTTP/1.1" 200 23, urllib3.connectionpool
2024-06-15 20:35:38,279, DEBUG, Starting new HTTPS connection (1): api.telegram.org:443, urllib3.connectionpool
2024-06-15 20:35:58,647, DEBUG, https://api.telegram.org:443 "GET /bot6823805203:AAHsrZP-6-SnkCeRiTAeiinLNCUI5uaR_cw/getUpdates?offset=230882672&timeout=20 HTTP/1.1" 200 23, urllib3.connectionpool
2024-06-15 20:36:18,818, DEBUG, https://api.telegram.org:443 "GET /bot6823805203:AAHsrZP-6-SnkCeRiTAeiinLNCUI5uaR_cw/getUpdates?offset=230882672&timeout=20 HTTP/1.1" 200 23, urllib3.connectionpool
2024-06-15 20:36:38,993, DEBUG, https://api.telegram.org:443 "GET /bot6823805203:AAHsrZP-6-SnkCeRiTAeiinLNCUI5uaR_cw/getUpdates?offset=230882672&timeout=20 HTTP/1.1" 200 23, urllib3.connectionpool
2024-06-15 20:36:59,061, DEBUG, https://api.telegram.org:443 "GET /bot6823805203:AAHsrZP-6-SnkCeRiTAeiinLNCUI5uaR_cw/getUpdates?offset=230882672&timeout=20 HTTP/1.1" 200 23, urllib3.connectionpool
2024-06-15 20:37:19,132, DEBUG, https://api.telegram.org:443 "GET /bot6823805203:AAHsrZP-6-SnkCeRiTAeiinLNCUI5uaR_cw/getUpdates?offset=230882672&timeout=20 HTTP/1.1" 200 23, urllib3.connectionpool
2024-06-15 20:37:39,204, DEBUG, https://api.telegram.org:443 "GET /bot6823805203:AAHsrZP-6-SnkCeRiTAeiinLNCUI5uaR_cw/getUpdates?offset=230882672&timeout=20 HTTP/1.1" 200 23, urllib3.connectionpool
2024-06-15 20:37:59,382, DEBUG, https://api.telegram.org:443 "GET /bot6823805203:AAHsrZP-6-SnkCeRiTAeiinLNCUI5uaR_cw/getUpdates?offset=230882672&timeout=20 HTTP/1.1" 200 23, urllib3.connectionpool
2024-06-15 20:38:19,548, DEBUG, https://api.telegram.org:443 "GET /bot6823805203:AAHsrZP-6-SnkCeRiTAeiinLNCUI5uaR_cw/getUpdates?offset=230882672&timeout=20 HTTP/1.1" 200 23, urllib3.connectionpool
2024-06-15 20:38:39,621, DEBUG, https://api.telegram.org:443 "GET /bot6823805203:AAHsrZP-6-SnkCeRiTAeiinLNCUI5uaR_cw/getUpdates?offset=230882672&timeout=20 HTTP/1.1" 200 23, urllib3.connectionpool
2024-06-15 20:38:59,719, DEBUG, https://api.telegram.org:443 "GET /bot6823805203:AAHsrZP-6-SnkCeRiTAeiinLNCUI5uaR_cw/getUpdates?offset=230882672&timeout=20 HTTP/1.1" 200 23, urllib3.connectionpool
2024-06-15 20:39:19,860, DEBUG, https://api.telegram.org:443 "GET /bot6823805203:AAHsrZP-6-SnkCeRiTAeiinLNCUI5uaR_cw/getUpdates?offset=230882672&timeout=20 HTTP/1.1" 200 23, urllib3.connectionpool
2024-06-15 20:39:39,930, DEBUG, https://api.telegram.org:443 "GET /bot6823805203:AAHsrZP-6-SnkCeRiTAeiinLNCUI5uaR_cw/getUpdates?offset=230882672&timeout=20 HTTP/1.1" 200 23, urllib3.connectionpool
2024-06-15 20:40:00,110, DEBUG, https://api.telegram.org:443 "GET /bot6823805203:AAHsrZP-6-SnkCeRiTAeiinLNCUI5uaR_cw/getUpdates?offset=230882672&timeout=20 HTTP/1.1" 200 23, urllib3.connectionpool
2024-06-15 20:40:20,189, DEBUG, https://api.telegram.org:443 "GET /bot6823805203:AAHsrZP-6-SnkCeRiTAeiinLNCUI5uaR_cw/getUpdates?offset=230882672&timeout=20 HTTP/1.1" 200 23, urllib3.connectionpool
2024-06-15 20:40:40,305, DEBUG, https://api.telegram.org:443 "GET /bot6823805203:AAHsrZP-6-SnkCeRiTAeiinLNCUI5uaR_cw/getUpdates?offset=230882672&timeout=20 HTTP/1.1" 200 23, urllib3.connectionpool
2024-06-15 20:41:00,417, DEBUG, https://api.telegram.org:443 "GET /bot6823805203:AAHsrZP-6-SnkCeRiTAeiinLNCUI5uaR_cw/getUpdates?offset=230882672&timeout=20 HTTP/1.1" 200 23, urllib3.connectionpool
2024-06-15 20:41:20,725, DEBUG, https://api.telegram.org:443 "GET /bot6823805203:AAHsrZP-6-SnkCeRiTAeiinLNCUI5uaR_cw/getUpdates?offset=230882672&timeout=20 HTTP/1.1" 200 23, urllib3.connectionpool
2024-06-15 20:41:40,794, DEBUG, https://api.telegram.org:443 "GET /bot6823805203:AAHsrZP-6-SnkCeRiTAeiinLNCUI5uaR_cw/getUpdates?offset=230882672&timeout=20 HTTP/1.1" 200 23, urllib3.connectionpool
2024-06-15 20:42:01,038, DEBUG, https://api.telegram.org:443 "GET /bot6823805203:AAHsrZP-6-SnkCeRiTAeiinLNCUI5uaR_cw/getUpdates?offset=230882672&timeout=20 HTTP/1.1" 200 23, urllib3.connectionpool
2024-06-15 20:42:21,119, DEBUG, https://api.telegram.org:443 "GET /bot6823805203:AAHsrZP-6-SnkCeRiTAeiinLNCUI5uaR_cw/getUpdates?offset=230882672&timeout=20 HTTP/1.1" 200 23, urllib3.connectionpool
2024-06-15 20:42:41,280, DEBUG, https://api.telegram.org:443 "GET /bot6823805203:AAHsrZP-6-SnkCeRiTAeiinLNCUI5uaR_cw/getUpdates?offset=230882672&timeout=20 HTTP/1.1" 200 23, urllib3.connectionpool
2024-06-15 20:43:01,454, DEBUG, https://api.telegram.org:443 "GET /bot6823805203:AAHsrZP-6-SnkCeRiTAeiinLNCUI5uaR_cw/getUpdates?offset=230882672&timeout=20 HTTP/1.1" 200 23, urllib3.connectionpool
2024-06-15 20:43:21,786, DEBUG, https://api.telegram.org:443 "GET /bot6823805203:AAHsrZP-6-SnkCeRiTAeiinLNCUI5uaR_cw/getUpdates?offset=230882672&timeout=20 HTTP/1.1" 200 23, urllib3.connectionpool
2024-06-15 20:43:41,901, DEBUG, https://api.telegram.org:443 "GET /bot6823805203:AAHsrZP-6-SnkCeRiTAeiinLNCUI5uaR_cw/getUpdates?offset=230882672&timeout=20 HTTP/1.1" 200 23, urllib3.connectionpool
2024-06-15 20:44:01,969, DEBUG, https://api.telegram.org:443 "GET /bot6823805203:AAHsrZP-6-SnkCeRiTAeiinLNCUI5uaR_cw/getUpdates?offset=230882672&timeout=20 HTTP/1.1" 200 23, urllib3.connectionpool
2024-06-15 20:44:22,149, DEBUG, https://api.telegram.org:443 "GET /bot6823805203:AAHsrZP-6-SnkCeRiTAeiinLNCUI5uaR_cw/getUpdates?offset=230882672&timeout=20 HTTP/1.1" 200 23, urllib3.connectionpool
2024-06-15 20:44:42,317, DEBUG, https://api.telegram.org:443 "GET /bot6823805203:AAHsrZP-6-SnkCeRiTAeiinLNCUI5uaR_cw/getUpdates?offset=230882672&timeout=20 HTTP/1.1" 200 23, urllib3.connectionpool
2024-06-15 20:45:02,412, DEBUG, https://api.telegram.org:443 "GET /bot6823805203:AAHsrZP-6-SnkCeRiTAeiinLNCUI5uaR_cw/getUpdates?offset=230882672&timeout=20 HTTP/1.1" 200 23, urllib3.connectionpool
2024-06-15 20:45:22,560, DEBUG, https://api.telegram.org:443 "GET /bot6823805203:AAHsrZP-6-SnkCeRiTAeiinLNCUI5uaR_cw/getUpdates?offset=230882672&timeout=20 HTTP/1.1" 200 23, urllib3.connectionpool
2024-06-15 20:45:42,734, DEBUG, https://api.telegram.org:443 "GET /bot6823805203:AAHsrZP-6-SnkCeRiTAeiinLNCUI5uaR_cw/getUpdates?offset=230882672&timeout=20 HTTP/1.1" 200 23, urllib3.connectionpool
2024-06-15 20:45:42,743, DEBUG, Starting new HTTPS connection (1): api.telegram.org:443, urllib3.connectionpool
2024-06-15 20:46:03,018, DEBUG, https://api.telegram.org:443 "GET /bot6823805203:AAHsrZP-6-SnkCeRiTAeiinLNCUI5uaR_cw/getUpdates?offset=230882672&timeout=20 HTTP/1.1" 200 23, urllib3.connectionpool
2024-06-15 20:46:23,181, DEBUG, https://api.telegram.org:443 "GET /bot6823805203:AAHsrZP-6-SnkCeRiTAeiinLNCUI5uaR_cw/getUpdates?offset=230882672&timeout=20 HTTP/1.1" 200 23, urllib3.connectionpool
2024-06-15 20:46:43,245, DEBUG, https://api.telegram.org:443 "GET /bot6823805203:AAHsrZP-6-SnkCeRiTAeiinLNCUI5uaR_cw/getUpdates?offset=230882672&timeout=20 HTTP/1.1" 200 23, urllib3.connectionpool
2024-06-15 20:47:03,311, DEBUG, https://api.telegram.org:443 "GET /bot6823805203:AAHsrZP-6-SnkCeRiTAeiinLNCUI5uaR_cw/getUpdates?offset=230882672&timeout=20 HTTP/1.1" 200 23, urllib3.connectionpool
2024-06-15 20:47:23,378, DEBUG, https://api.telegram.org:443 "GET /bot6823805203:AAHsrZP-6-SnkCeRiTAeiinLNCUI5uaR_cw/getUpdates?offset=230882672&timeout=20 HTTP/1.1" 200 23, urllib3.connectionpool
2024-06-15 20:47:43,583, DEBUG, https://api.telegram.org:443 "GET /bot6823805203:AAHsrZP-6-SnkCeRiTAeiinLNCUI5uaR_cw/getUpdates?offset=230882672&timeout=20 HTTP/1.1" 200 23, urllib3.connectionpool
2024-06-15 20:48:03,737, DEBUG, https://api.telegram.org:443 "GET /bot6823805203:AAHsrZP-6-SnkCeRiTAeiinLNCUI5uaR_cw/getUpdates?offset=230882672&timeout=20 HTTP/1.1" 200 23, urllib3.connectionpool
2024-06-15 20:48:23,910, DEBUG, https://api.telegram.org:443 "GET /bot6823805203:AAHsrZP-6-SnkCeRiTAeiinLNCUI5uaR_cw/getUpdates?offset=230882672&timeout=20 HTTP/1.1" 200 23, urllib3.connectionpool
2024-06-15 20:48:44,084, DEBUG, https://api.telegram.org:443 "GET /bot6823805203:AAHsrZP-6-SnkCeRiTAeiinLNCUI5uaR_cw/getUpdates?offset=230882672&timeout=20 HTTP/1.1" 200 23, urllib3.connectionpool
2024-06-15 20:49:04,153, DEBUG, https://api.telegram.org:443 "GET /bot6823805203:AAHsrZP-6-SnkCeRiTAeiinLNCUI5uaR_cw/getUpdates?offset=230882672&timeout=20 HTTP/1.1" 200 23, urllib3.connectionpool
2024-06-15 20:49:24,330, DEBUG, https://api.telegram.org:443 "GET /bot6823805203:AAHsrZP-6-SnkCeRiTAeiinLNCUI5uaR_cw/getUpdates?offset=230882672&timeout=20 HTTP/1.1" 200 23, urllib3.connectionpool
2024-06-15 20:49:44,389, DEBUG, https://api.telegram.org:443 "GET /bot6823805203:AAHsrZP-6-SnkCeRiTAeiinLNCUI5uaR_cw/getUpdates?offset=230882672&timeout=20 HTTP/1.1" 200 23, urllib3.connectionpool
2024-06-15 20:50:04,454, DEBUG, https://api.telegram.org:443 "GET /bot6823805203:AAHsrZP-6-SnkCeRiTAeiinLNCUI5uaR_cw/getUpdates?offset=230882672&timeout=20 HTTP/1.1" 200 23, urllib3.connectionpool
